Message{publicationDate=Tue Oct 09 16:32:36 CEST 2012, author=Thread-0, content=b041d6e0-0ecb-4f50-a3d1-0b881fc2461d}
Message{publicationDate=Tue Oct 09 16:32:37 CEST 2012, author=Thread-0, content=eac5c5e0-602c-41b3-a63d-f8a736856c0c}
Message{publicationDate=Tue Oct 09 16:32:37 CEST 2012, author=Thread-0, content=f45ab484-6c34-4068-9b67-44c500bf8792}
Message{publicationDate=Tue Oct 09 16:32:37 CEST 2012, author=user, content=qsd}
Message{publicationDate=Tue Oct 09 16:32:38 CEST 2012, author=Thread-0, content=e1768ed6-ee6f-4742-a633-201e61a2ae0f}
Message{publicationDate=Tue Oct 09 16:32:38 CEST 2012, author=Thread-0, content=88d27dff-e42e-49db-97aa-e46125648b74}
Message{publicationDate=Tue Oct 09 16:32:38 CEST 2012, author=user, content=d}
Message{publicationDate=Tue Oct 09 16:32:39 CEST 2012, author=Thread-0, content=5be28364-eda2-4c20-a3ef-9ac55352ba00}
Message{publicationDate=Tue Oct 09 16:41:10 CEST 2012, author=Thread-0, content=5510e2c6-10b3-4f12-a98d-22f97b50b23c}
Message{publicationDate=Tue Oct 09 16:41:10 CEST 2012, author=Thread-0, content=7204afb0-2149-4414-85a2-707e0cb85724}
Message{publicationDate=Tue Oct 09 16:41:11 CEST 2012, author=Thread-0, content=27e9a75a-4123-4f3b-a739-09b3b02a9a9d}
Message{publicationDate=Tue Oct 09 16:41:12 CEST 2012, author=Thread-0, content=1fb3124a-189a-4191-ac15-8937b2b3b48a}
Message{publicationDate=Tue Oct 09 16:41:12 CEST 2012, author=Thread-0, content=5a1e0189-99a1-44d7-b892-ccd5e620edcb}
Message{publicationDate=Tue Oct 09 16:41:13 CEST 2012, author=Thread-0, content=3db0c920-9879-4fb7-96c0-83bf240c2ef8}
Message{publicationDate=Tue Oct 09 16:41:13 CEST 2012, author=Thread-0, content=4a899aa2-7041-412a-9ee8-da1f49dff33f}
Message{publicationDate=Tue Oct 09 16:41:14 CEST 2012, author=Thread-0, content=bedd91d9-c551-40cb-bb3b-d566413f6ae3}
Message{publicationDate=Tue Oct 09 16:41:14 CEST 2012, author=Thread-0, content=dadcde6c-5e6a-43d1-90df-97122c211c1c}
Message{publicationDate=Tue Oct 09 16:41:14 CEST 2012, author=Thread-0, content=616313b8-c952-430a-8d49-c45409618b47}
Message{publicationDate=Tue Oct 09 16:41:15 CEST 2012, author=Thread-0, content=24b4814a-2d17-4bf5-a6dd-7dbaa6b8515a}
Message{publicationDate=Tue Oct 09 16:41:15 CEST 2012, author=Thread-0, content=1c479f3f-b3bb-46be-9cb6-496431cf6e7b}
Message{publicationDate=Tue Oct 09 16:41:15 CEST 2012, author=user, content=zer}
Message{publicationDate=Tue Oct 09 16:41:16 CEST 2012, author=user, content=zer}
Message{publicationDate=Tue Oct 09 16:41:16 CEST 2012, author=user, content=r}
Message{publicationDate=Tue Oct 09 16:41:16 CEST 2012, author=Thread-0, content=f752b81e-249d-41a6-9347-f154baac13e7}
Message{publicationDate=Tue Oct 09 16:41:16 CEST 2012, author=user, content=r}
Message{publicationDate=Tue Oct 09 16:41:17 CEST 2012, author=Thread-0, content=f8873e68-5d51-4ce9-9ef1-8031b2415b43}
Message{publicationDate=Tue Oct 09 16:41:18 CEST 2012, author=Thread-0, content=a024e64c-2656-43c4-843b-a945e20e9d23}
Message{publicationDate=Tue Oct 09 16:41:18 CEST 2012, author=user, content=r}
